<?xml version="1.0" encoding="UTF-8"?>
<!-- Generated by org.testng.reporters.JUnitReportReporter -->
<testsuite skipped="0" hostname="GowthamRaj" name="runner.TestRunner" tests="19" failures="0" timestamp="2022-08-17T10:11:48 IST" time="4.471" errors="0">
  <testcase name="runScenario" time="0.747" classname="runner.TestRunner"/>
  <system-out/>
  <testcase name="runScenario" time="0.095" classname="runner.TestRunner"/>
  <system-out/>
  <testcase name="runScenario" time="0.120" classname="runner.TestRunner"/>
  <system-out/>
  <testcase name="runScenario" time="0.112" classname="runner.TestRunner"/>
  <system-out/>
  <testcase name="runScenario" time="0.159" classname="runner.TestRunner"/>
  <system-out/>
  <testcase name="runScenario" time="0.091" classname="runner.TestRunner"/>
  <system-out/>
  <testcase name="runScenario" time="0.098" classname="runner.TestRunner"/>
  <system-out/>
  <testcase name="runScenario" time="1.615" classname="runner.TestRunner"/>
  <system-out/>
  <testcase name="runScenario" time="0.094" classname="runner.TestRunner"/>
  <system-out/>
  <testcase name="runScenario" time="0.087" classname="runner.TestRunner"/>
  <system-out/>
  <testcase name="runScenario" time="0.090" classname="runner.TestRunner"/>
  <system-out/>
  <testcase name="runScenario" time="0.123" classname="runner.TestRunner"/>
  <system-out/>
  <testcase name="runScenario" time="0.093" classname="runner.TestRunner"/>
  <system-out/>
  <testcase name="runScenario" time="0.090" classname="runner.TestRunner"/>
  <system-out/>
  <testcase name="runScenario" time="0.122" classname="runner.TestRunner"/>
  <system-out/>
  <testcase name="runScenario" time="0.177" classname="runner.TestRunner"/>
  <system-out/>
  <testcase name="runScenario" time="0.175" classname="runner.TestRunner"/>
  <system-out/>
  <testcase name="runScenario" time="0.177" classname="runner.TestRunner"/>
  <system-out/>
  <testcase name="runScenario" time="0.206" classname="runner.TestRunner"/>
  <system-out/>
</testsuite> <!-- runner.TestRunner -->
